<?xml version="1.0" encoding="UTF-8"?>
<!-- Generated by org.testng.reporters.JUnitXMLReporter -->
<testsuite ignored="0" hostname="LAPTOP-1AB76RU1" failures="0" tests="2" name="Default test" time="0.096" errors="0" timestamp="2023-03-26T14:15:52 IST">
  <testcase classname="testClassPackage.BaseClass" name="@BeforeTest beforeTest" time="-1.679820352287E9">
    <failure type="org.testng.TestNGException" message="
Parameter &amp;apos;browserName&amp;apos; is required by BeforeTest on method beforeTest but has not been marked @Optional or defined
in C:\Users\91935\AppData\Local\Temp\testng-eclipse-1502548906\testng-customsuite.xml">
      <![CDATA[org.testng.TestNGException: 
Parameter 'browserName' is required by BeforeTest on method beforeTest but has not been marked @Optional or defined
in C:\Users\91935\AppData\Local\Temp\testng-eclipse-1502548906\testng-customsuite.xml
at org.testng.internal.Parameters.createParams(Parameters.java:270)
at org.testng.internal.Parameters.createParametersForMethod(Parameters.java:358)
at org.testng.internal.Parameters.createParameters(Parameters.java:700)
at org.testng.internal.Parameters.createConfigurationParameters(Parameters.java:168)
at org.testng.internal.ConfigInvoker.invokeConfigurations(ConfigInvoker.java:302)
at org.testng.TestRunner.invokeTestConfigurations(TestRunner.java:637)
at org.testng.TestRunner.beforeRun(TestRunner.java:627)
at org.testng.TestRunner.run(TestRunner.java:589)
at org.testng.SuiteRunner.runTest(SuiteRunner.java:377)
at org.testng.SuiteRunner.runSequentially(SuiteRunner.java:371)
at org.testng.SuiteRunner.privateRun(SuiteRunner.java:332)
at org.testng.SuiteRunner.run(SuiteRunner.java:276)
at org.testng.SuiteRunnerWorker.runSuite(SuiteRunnerWorker.java:53)
at org.testng.SuiteRunnerWorker.run(SuiteRunnerWorker.java:96)
at org.testng.TestNG.runSuitesSequentially(TestNG.java:1212)
at org.testng.TestNG.runSuitesLocally(TestNG.java:1134)
at org.testng.TestNG.runSuites(TestNG.java:1063)
at org.testng.TestNG.run(TestNG.java:1031)
at org.testng.remote.AbstractRemoteTestNG.run(AbstractRemoteTestNG.java:115)
at org.testng.remote.RemoteTestNG.initAndRun(RemoteTestNG.java:251)
at org.testng.remote.RemoteTestNG.main(RemoteTestNG.java:77)
]]>
    </failure>
  </testcase> <!-- @BeforeTest beforeTest -->
  <testcase classname="testClassPackage.LoginTestClass3" name="@BeforeClass beforeClass" time="-1.679820352324E9">
    <skipped/>
  </testcase> <!-- @BeforeClass beforeClass -->
  <testcase classname="testClassPackage.LoginTestClass3" name="@BeforeMethod beforeMethod" time="-1.679820352344E9">
    <skipped/>
  </testcase> <!-- @BeforeMethod beforeMethod -->
  <testcase classname="testClassPackage.BaseClass" name="@AfterMethod afterMethod" time="-1.679820352352E9">
    <skipped/>
  </testcase> <!-- @AfterMethod afterMethod -->
  <testcase classname="testClassPackage.LoginTestClass3" name="@BeforeMethod beforeMethod" time="-1.679820352359E9">
    <skipped/>
  </testcase> <!-- @BeforeMethod beforeMethod -->
  <testcase classname="testClassPackage.BaseClass" name="@AfterMethod afterMethod" time="-1.679820352365E9">
    <skipped/>
  </testcase> <!-- @AfterMethod afterMethod -->
  <testcase classname="testClassPackage.LoginTestClass3" name="@AfterClass afterClass" time="-1.67982035237E9">
    <skipped/>
  </testcase> <!-- @AfterClass afterClass -->
  <testcase classname="testClassPackage.BaseClass" name="@AfterTest aftertest" time="-1.679820352373E9">
    <skipped/>
  </testcase> <!-- @AfterTest aftertest -->
  <testcase classname="testClassPackage.LoginTestClass3" name="WronguserNamePassword" time="0.0">
    <skipped/>
  </testcase> <!-- WronguserNamePassword -->
  <testcase classname="testClassPackage.LoginTestClass3" name="correctUserNamePassword" time="0.0">
    <skipped/>
  </testcase> <!-- correctUserNamePassword -->
</testsuite> <!-- Default test -->
