<?xml version="1.0" encoding="UTF-8"?>
<!-- Generated by org.testng.reporters.JUnitXMLReporter -->
<testsuite ignored="2" hostname="LAPTOP-1AB76RU1" failures="0" tests="2" name="chrome" time="2.129" errors="0" timestamp="2023-03-14T23:37:02 IST">
  <testcase classname="testClassPackage.BaseClass" name="@BeforeTest beforeTest" time="2.081">
    <failure type="org.openqa.selenium.remote.http.ConnectionFailedException" message="Unable to establish websocket connection to http://localhost:60537/devtools/browser/20995c41-53c8-443f-89e0-b1b8ac2afc20
Build info: version: &amp;apos;4.7.0&amp;apos;, revision: &amp;apos;0a5b49d16f&amp;apos;
System info: os.name: &amp;apos;Windows 10&amp;apos;, os.arch: &amp;apos;amd64&amp;apos;, os.version: &amp;apos;10.0&amp;apos;, java.version: &amp;apos;17.0.3&amp;apos;
Driver info: driver.version: ChromeDriver">
      <![CDATA[org.openqa.selenium.remote.http.ConnectionFailedException: Unable to establish websocket connection to http://localhost:60537/devtools/browser/20995c41-53c8-443f-89e0-b1b8ac2afc20
Build info: version: '4.7.0', revision: '0a5b49d16f'
System info: os.name: 'Windows 10', os.arch: 'amd64', os.version: '10.0', java.version: '17.0.3'
Driver info: driver.version: ChromeDriver
at org.openqa.selenium.remote.http.netty.NettyWebSocket.<init>(NettyWebSocket.java:102)
at org.openqa.selenium.remote.http.netty.NettyWebSocket.lambda$create$3(NettyWebSocket.java:128)
at org.openqa.selenium.remote.http.netty.NettyClient.openSocket(NettyClient.java:107)
at org.openqa.selenium.devtools.Connection.<init>(Connection.java:77)
at org.openqa.selenium.chromium.ChromiumDriver.lambda$new$2(ChromiumDriver.java:116)
at java.base/java.util.Optional.map(Optional.java:260)
at org.openqa.selenium.chromium.ChromiumDriver.<init>(ChromiumDriver.java:114)
at org.openqa.selenium.chrome.ChromeDriver.<init>(ChromeDriver.java:81)
at org.openqa.selenium.chrome.ChromeDriver.<init>(ChromeDriver.java:49)
at utilityPackage.StaticBrowser.openBrowser(StaticBrowser.java:16)
at testClassPackage.BaseClass.beforeTest(BaseClass.java:24)
... Removed 24 stack frames]]>
    </failure>
  </testcase> <!-- @BeforeTest beforeTest -->
  <testcase classname="testClassPackage.LoginTestClass3" name="@BeforeClass beforeClass" time="-1.678817222588E9">
    <skipped/>
  </testcase> <!-- @BeforeClass beforeClass -->
  <testcase classname="testClassPackage.LoginTestClass3" name="@BeforeMethod beforeMethod" time="-1.678817222598E9">
    <skipped/>
  </testcase> <!-- @BeforeMethod beforeMethod -->
  <testcase classname="testClassPackage.LoginTestClass3" name="@BeforeMethod beforeMethod" time="-1.678817222604E9">
    <skipped/>
  </testcase> <!-- @BeforeMethod beforeMethod -->
  <testcase classname="testClassPackage.LoginTestClass3" name="@AfterClass afterClass" time="-1.678817222609E9">
    <skipped/>
  </testcase> <!-- @AfterClass afterClass -->
  <testcase classname="testClassPackage.BaseClass" name="@AfterTest aftertest" time="-1.67881722261E9">
    <skipped/>
  </testcase> <!-- @AfterTest aftertest -->
  <testcase classname="testClassPackage.LoginTestClass3" name="userNamePassword" time="0.0">
    <skipped/>
  </testcase> <!-- userNamePassword -->
  <testcase classname="testClassPackage.LoginTestClass3" name="wrongUserNamePassword" time="0.0">
    <skipped/>
  </testcase> <!-- wrongUserNamePassword -->
  <testcase classname="testClassPackage.BaseClass" name="@AfterTest aftertest" time="0.0">
    <ignored/>
  </testcase> <!-- @AfterTest aftertest -->
  <testcase classname="testClassPackage.BaseClass" name="@BeforeTest beforeTest" time="0.0">
    <ignored/>
  </testcase> <!-- @BeforeTest beforeTest -->
</testsuite> <!-- chrome -->
